Started GET "/" for ::1 at 2021-02-23 15:54:16 -0600
  [1m[35m (2.3ms)[0m  [1m[34mSELECT "schema_migrations"."version" FROM "schema_migrations" ORDER BY "schema_migrations"."version" ASC[0m
Processing by HomeController#index as HTML
  Rendering layout layouts/application.html.erb
  Rendering home/index.html.erb within layouts/application
  Rendered home/index.html.erb within layouts/application (Duration: 2.8ms | Allocations: 457)
[Webpacker] Compiling...
Started GET "/" for ::1 at 2021-02-23 15:54:17 -0600
Processing by HomeController#index as HTML
  Rendering layout layouts/application.html.erb
  Rendering home/index.html.erb within layouts/application
  Rendered home/index.html.erb within layouts/application (Duration: 1.2ms | Allocations: 85)
[Webpacker] Compiling...
[Webpacker] Compilation failed:
yarn run v1.19.1
info Visit https://yarnpkg.com/en/docs/cli/run for documentation about this command.


error Command "webpack" not found.

  Rendered layout layouts/application.html.erb (Duration: 1883.5ms | Allocations: 45370)
Completed 500 Internal Server Error in 1913ms (ActiveRecord: 0.0ms | Allocations: 51722)


  
ActionView::Template::Error (Webpacker can't find application.js in /Users/anujparakh/Documents/College Documents/Eighth Semester/CSCE 431/Project/afiso-tracker/public/packs/manifest.json. Possible causes:
1. You want to set webpacker.yml value of compile to true for your environment
   unless you are using the `webpack -w` or the webpack-dev-server.
2. webpack has not yet re-run to reflect updates.
3. You have misconfigured Webpacker's config/webpacker.yml file.
4. Your webpack configuration is not creating a manifest.
Your manifest contains:
{
}
):
     9:     <%= csp_meta_tag %>
    10: 
    11:     <%= stylesheet_link_tag 'application', media: 'all', 'data-turbolinks-track': 'reload' %>
    12:     <%= javascript_pack_tag 'application', 'data-turbolinks-track': 'reload' %>
    13: 
    14:     <meta charset="utf-8">
    15:     <link rel="stylesheet" href="https://maxcdn.bootstrapcdn.com/bootstrap/4.5.2/css/bootstrap.min.css">
  
app/views/layouts/application.html.erb:12
[Webpacker] Compilation failed:
yarn run v1.19.1
info Visit https://yarnpkg.com/en/docs/cli/run for documentation about this command.


error Command "webpack" not found.

  Rendered layout layouts/application.html.erb (Duration: 1223.3ms | Allocations: 179836)
Completed 500 Internal Server Error in 1230ms (ActiveRecord: 0.0ms | Allocations: 182791)


  
ActionView::Template::Error (Webpacker can't find application.js in /Users/anujparakh/Documents/College Documents/Eighth Semester/CSCE 431/Project/afiso-tracker/public/packs/manifest.json. Possible causes:
1. You want to set webpacker.yml value of compile to true for your environment
   unless you are using the `webpack -w` or the webpack-dev-server.
2. webpack has not yet re-run to reflect updates.
3. You have misconfigured Webpacker's config/webpacker.yml file.
4. Your webpack configuration is not creating a manifest.
Your manifest contains:
{
}
):
     9:     <%= csp_meta_tag %>
    10: 
    11:     <%= stylesheet_link_tag 'application', media: 'all', 'data-turbolinks-track': 'reload' %>
    12:     <%= javascript_pack_tag 'application', 'data-turbolinks-track': 'reload' %>
    13: 
    14:     <meta charset="utf-8">
    15:     <link rel="stylesheet" href="https://maxcdn.bootstrapcdn.com/bootstrap/4.5.2/css/bootstrap.min.css">
  
app/views/layouts/application.html.erb:12
Started GET "/" for ::1 at 2021-02-23 15:55:40 -0600
  [1m[35m (1.2ms)[0m  [1m[34mSELECT "schema_migrations"."version" FROM "schema_migrations" ORDER BY "schema_migrations"."version" ASC[0m
Processing by HomeController#index as HTML
  Rendering layout layouts/application.html.erb
  Rendering home/index.html.erb within layouts/application
  Rendered home/index.html.erb within layouts/application (Duration: 1.4ms | Allocations: 349)
[Webpacker] Compiling...
[Webpacker] Compilation failed:
yarn run v1.19.1
info Visit https://yarnpkg.com/en/docs/cli/run for documentation about this command.


error Command "webpack" not found.

  Rendered layout layouts/application.html.erb (Duration: 1205.9ms | Allocations: 10716)
Completed 500 Internal Server Error in 1222ms (ActiveRecord: 0.0ms | Allocations: 16026)


  
ActionView::Template::Error (Webpacker can't find application.js in /Users/anujparakh/Documents/College Documents/Eighth Semester/CSCE 431/Project/afiso-tracker/public/packs/manifest.json. Possible causes:
1. You want to set webpacker.yml value of compile to true for your environment
   unless you are using the `webpack -w` or the webpack-dev-server.
2. webpack has not yet re-run to reflect updates.
3. You have misconfigured Webpacker's config/webpacker.yml file.
4. Your webpack configuration is not creating a manifest.
Your manifest contains:
{
}
):
     9:     <%= csp_meta_tag %>
    10: 
    11:     <%= stylesheet_link_tag 'application', media: 'all', 'data-turbolinks-track': 'reload' %>
    12:     <%= javascript_pack_tag 'application', 'data-turbolinks-track': 'reload' %>
    13: 
    14:     <meta charset="utf-8">
    15:     <link rel="stylesheet" href="https://maxcdn.bootstrapcdn.com/bootstrap/4.5.2/css/bootstrap.min.css">
  
app/views/layouts/application.html.erb:12
Started GET "/" for ::1 at 2021-02-23 15:57:32 -0600
  [1m[35m (1.2ms)[0m  [1m[34mSELECT "schema_migrations"."version" FROM "schema_migrations" ORDER BY "schema_migrations"."version" ASC[0m
Processing by HomeController#index as HTML
  Rendering layout layouts/application.html.erb
  Rendering home/index.html.erb within layouts/application
  Rendered home/index.html.erb within layouts/application (Duration: 1.8ms | Allocations: 349)
[Webpacker] Compiling...
[Webpacker] Compiled all packs in /Users/anujparakh/Documents/College Documents/Eighth Semester/CSCE 431/Project/afiso-tracker/public/packs
[Webpacker] Hash: 2db959c0f6d70efab834
Version: webpack 4.46.0
Time: 2295ms
Built at: 02/23/2021 3:57:37 PM
                                     Asset       Size       Chunks                         Chunk Names
    js/application-03ba0bd4e3d4c70fcd74.js    125 KiB  application  [emitted] [immutable]  application
js/application-03ba0bd4e3d4c70fcd74.js.map    139 KiB  application  [emitted] [dev]        application
                             manifest.json  364 bytes               [emitted]              
Entrypoint application = js/application-03ba0bd4e3d4c70fcd74.js js/application-03ba0bd4e3d4c70fcd74.js.map
[./app/javascript/channels sync recursive _channel\.js$] ./app/javascript/channels sync _channel\.js$ 160 bytes {application} [built]
[./app/javascript/channels/index.js] 211 bytes {application} [built]
[./app/javascript/packs/application.js] 537 bytes {application} [built]
[./node_modules/webpack/buildin/module.js] (webpack)/buildin/module.js 552 bytes {application} [built]
    + 3 hidden modules

  Rendered layout layouts/application.html.erb (Duration: 5258.3ms | Allocations: 9304)
Completed 200 OK in 5275ms (Views: 5262.9ms | ActiveRecord: 0.0ms | Allocations: 14644)


Started GET "/members" for ::1 at 2021-02-23 15:57:39 -0600
Processing by MembersController#index as HTML
  Rendering layout layouts/application.html.erb
  Rendering members/index.html.erb within layouts/application
  [1m[36mMember Load (6.0ms)[0m  [1m[34mSELECT "members".* FROM "members"[0m
  ↳ app/views/members/index.html.erb:21
  Rendered members/index.html.erb within layouts/application (Duration: 35.7ms | Allocations: 5040)
[Webpacker] Everything's up-to-date. Nothing to do
  Rendered layout layouts/application.html.erb (Duration: 45.5ms | Allocations: 9326)
Completed 200 OK in 63ms (Views: 23.5ms | ActiveRecord: 24.2ms | Allocations: 12095)


Started GET "/payments" for ::1 at 2021-02-23 15:57:39 -0600
Processing by PaymentsController#index as HTML
  Rendering layout layouts/application.html.erb
  Rendering payments/index.html.erb within layouts/application
  [1m[36mPayment Load (2.4ms)[0m  [1m[34mSELECT "payments".* FROM "payments" ORDER BY created_at ASC[0m
  ↳ app/views/payments/index.html.erb:22
  Rendered payments/index.html.erb within layouts/application (Duration: 6.0ms | Allocations: 1177)
[Webpacker] Everything's up-to-date. Nothing to do
  Rendered layout layouts/application.html.erb (Duration: 14.9ms | Allocations: 5468)
Completed 200 OK in 28ms (Views: 15.8ms | ActiveRecord: 2.4ms | Allocations: 8627)


Started GET "/semesters" for ::1 at 2021-02-23 15:57:40 -0600
Processing by SemestersController#index as HTML
  Rendering layout layouts/application.html.erb
  Rendering semesters/index.html.erb within layouts/application
  [1m[36mSemester Load (4.1ms)[0m  [1m[34mSELECT "semesters".* FROM "semesters" ORDER BY start_date ASC[0m
  ↳ app/views/semesters/index.html.erb:23
  Rendered semesters/index.html.erb within layouts/application (Duration: 18.3ms | Allocations: 4943)
[Webpacker] Everything's up-to-date. Nothing to do
  Rendered layout layouts/application.html.erb (Duration: 24.0ms | Allocations: 9227)
Completed 200 OK in 33ms (Views: 16.0ms | ActiveRecord: 10.1ms | Allocations: 11732)


Started GET "/home/help" for ::1 at 2021-02-23 15:57:40 -0600
Processing by HomeController#help as HTML
  Rendering layout layouts/application.html.erb
  Rendering home/help.html.erb within layouts/application
  Rendered home/help.html.erb within layouts/application (Duration: 1.8ms | Allocations: 112)
[Webpacker] Everything's up-to-date. Nothing to do
  Rendered layout layouts/application.html.erb (Duration: 13.6ms | Allocations: 5070)
Completed 200 OK in 16ms (Views: 14.2ms | ActiveRecord: 0.0ms | Allocations: 5596)


Started GET "/semesters" for ::1 at 2021-02-23 15:57:41 -0600
Processing by SemestersController#index as HTML
  Rendering layout layouts/application.html.erb
  Rendering semesters/index.html.erb within layouts/application
  [1m[36mSemester Load (1.4ms)[0m  [1m[34mSELECT "semesters".* FROM "semesters" ORDER BY start_date ASC[0m
  ↳ app/views/semesters/index.html.erb:23
  Rendered semesters/index.html.erb within layouts/application (Duration: 3.5ms | Allocations: 1022)
[Webpacker] Everything's up-to-date. Nothing to do
  Rendered layout layouts/application.html.erb (Duration: 15.3ms | Allocations: 5964)
Completed 200 OK in 19ms (Views: 14.5ms | ActiveRecord: 1.4ms | Allocations: 6507)


Started GET "/payments" for ::1 at 2021-02-23 15:57:41 -0600
Processing by PaymentsController#index as HTML
  Rendering layout layouts/application.html.erb
  Rendering payments/index.html.erb within layouts/application
  [1m[36mPayment Load (1.2ms)[0m  [1m[34mSELECT "payments".* FROM "payments" ORDER BY created_at ASC[0m
  ↳ app/views/payments/index.html.erb:22
  Rendered payments/index.html.erb within layouts/application (Duration: 2.5ms | Allocations: 763)
[Webpacker] Everything's up-to-date. Nothing to do
  Rendered layout layouts/application.html.erb (Duration: 13.4ms | Allocations: 5716)
Completed 200 OK in 16ms (Views: 12.8ms | ActiveRecord: 1.2ms | Allocations: 6270)


Started GET "/members" for ::1 at 2021-02-23 15:57:41 -0600
Processing by MembersController#index as HTML
  Rendering layout layouts/application.html.erb
  Rendering members/index.html.erb within layouts/application
  [1m[36mMember Load (3.6ms)[0m  [1m[34mSELECT "members".* FROM "members"[0m
  ↳ app/views/members/index.html.erb:21
  Rendered members/index.html.erb within layouts/application (Duration: 10.6ms | Allocations: 992)
[Webpacker] Everything's up-to-date. Nothing to do
  Rendered layout layouts/application.html.erb (Duration: 22.6ms | Allocations: 5278)
Completed 200 OK in 27ms (Views: 20.8ms | ActiveRecord: 3.6ms | Allocations: 5684)


Started GET "/" for ::1 at 2021-02-23 15:57:41 -0600
Processing by HomeController#index as HTML
  Rendering layout layouts/application.html.erb
  Rendering home/index.html.erb within layouts/application
  Rendered home/index.html.erb within layouts/application (Duration: 0.3ms | Allocations: 85)
[Webpacker] Everything's up-to-date. Nothing to do
  Rendered layout layouts/application.html.erb (Duration: 12.3ms | Allocations: 4368)
Completed 200 OK in 14ms (Views: 13.2ms | ActiveRecord: 0.0ms | Allocations: 4761)


Started GET "/" for ::1 at 2021-02-23 16:03:25 -0600
  [1m[35m (2.0ms)[0m  [1m[34mSELECT "schema_migrations"."version" FROM "schema_migrations" ORDER BY "schema_migrations"."version" ASC[0m
Processing by HomeController#index as HTML
  Rendering layout layouts/application.html.erb
  Rendering home/index.html.erb within layouts/application
  Rendered home/index.html.erb within layouts/application (Duration: 2.2ms | Allocations: 349)
[Webpacker] Everything's up-to-date. Nothing to do
  Rendered layout layouts/application.html.erb (Duration: 48.5ms | Allocations: 8733)
Completed 200 OK in 66ms (Views: 53.3ms | ActiveRecord: 0.0ms | Allocations: 11486)


Started GET "/members" for ::1 at 2021-02-23 16:03:28 -0600
Processing by MembersController#index as HTML
  Rendering layout layouts/application.html.erb
  Rendering members/index.html.erb within layouts/application
  [1m[36mMember Load (2.6ms)[0m  [1m[34mSELECT "members".* FROM "members"[0m
  ↳ app/views/members/index.html.erb:21
  Rendered members/index.html.erb within layouts/application (Duration: 24.5ms | Allocations: 5052)
[Webpacker] Everything's up-to-date. Nothing to do
  Rendered layout layouts/application.html.erb (Duration: 30.5ms | Allocations: 9338)
Completed 200 OK in 50ms (Views: 20.6ms | ActiveRecord: 14.3ms | Allocations: 11884)


Started GET "/payments" for ::1 at 2021-02-23 16:03:28 -0600
Processing by PaymentsController#index as HTML
  Rendering layout layouts/application.html.erb
  Rendering payments/index.html.erb within layouts/application
  [1m[36mPayment Load (5.4ms)[0m  [1m[34mSELECT "payments".* FROM "payments" ORDER BY created_at ASC[0m
  ↳ app/views/payments/index.html.erb:22
  Rendered payments/index.html.erb within layouts/application (Duration: 8.9ms | Allocations: 1278)
[Webpacker] Everything's up-to-date. Nothing to do
  Rendered layout layouts/application.html.erb (Duration: 15.0ms | Allocations: 5569)
Completed 200 OK in 26ms (Views: 12.6ms | ActiveRecord: 5.4ms | Allocations: 8322)


Started GET "/semesters" for ::1 at 2021-02-23 16:03:29 -0600
Processing by SemestersController#index as HTML
  Rendering layout layouts/application.html.erb
  Rendering semesters/index.html.erb within layouts/application
  [1m[36mSemester Load (2.6ms)[0m  [1m[34mSELECT "semesters".* FROM "semesters" ORDER BY start_date ASC[0m
  ↳ app/views/semesters/index.html.erb:23
  Rendered semesters/index.html.erb within layouts/application (Duration: 30.7ms | Allocations: 4859)
[Webpacker] Everything's up-to-date. Nothing to do
  Rendered layout layouts/application.html.erb (Duration: 36.6ms | Allocations: 9150)
Completed 200 OK in 47ms (Views: 28.3ms | ActiveRecord: 10.8ms | Allocations: 11744)


Started GET "/home/help" for ::1 at 2021-02-23 16:03:29 -0600
Processing by HomeController#help as HTML
  Rendering layout layouts/application.html.erb
  Rendering home/help.html.erb within layouts/application
  Rendered home/help.html.erb within layouts/application (Duration: 0.6ms | Allocations: 112)
[Webpacker] Everything's up-to-date. Nothing to do
  Rendered layout layouts/application.html.erb (Duration: 12.0ms | Allocations: 5047)
Completed 200 OK in 14ms (Views: 12.7ms | ActiveRecord: 0.0ms | Allocations: 5564)


Started GET "/home/security" for ::1 at 2021-02-23 16:03:30 -0600
Processing by HomeController#security as HTML
  Rendering layout layouts/application.html.erb
  Rendering home/security.html.erb within layouts/application
  Rendered home/security.html.erb within layouts/application (Duration: 0.8ms | Allocations: 111)
[Webpacker] Everything's up-to-date. Nothing to do
  Rendered layout layouts/application.html.erb (Duration: 21.1ms | Allocations: 5054)
Completed 200 OK in 23ms (Views: 21.7ms | ActiveRecord: 0.0ms | Allocations: 5578)


Started GET "/home/help" for ::1 at 2021-02-23 16:03:31 -0600
Processing by HomeController#help as HTML
  Rendering layout layouts/application.html.erb
  Rendering home/help.html.erb within layouts/application
  Rendered home/help.html.erb within layouts/application (Duration: 0.1ms | Allocations: 40)
[Webpacker] Everything's up-to-date. Nothing to do
  Rendered layout layouts/application.html.erb (Duration: 12.4ms | Allocations: 4991)
Completed 200 OK in 14ms (Views: 13.6ms | ActiveRecord: 0.0ms | Allocations: 5392)


Started GET "/semesters" for ::1 at 2021-02-23 16:03:31 -0600
Processing by SemestersController#index as HTML
  Rendering layout layouts/application.html.erb
  Rendering semesters/index.html.erb within layouts/application
  [1m[36mSemester Load (2.5ms)[0m  [1m[34mSELECT "semesters".* FROM "semesters" ORDER BY start_date ASC[0m
  ↳ app/views/semesters/index.html.erb:23
  Rendered semesters/index.html.erb within layouts/application (Duration: 4.9ms | Allocations: 1022)
[Webpacker] Everything's up-to-date. Nothing to do
  Rendered layout layouts/application.html.erb (Duration: 24.7ms | Allocations: 5967)
Completed 200 OK in 28ms (Views: 22.9ms | ActiveRecord: 2.5ms | Allocations: 6510)


Started GET "/payments" for ::1 at 2021-02-23 16:03:31 -0600
Processing by PaymentsController#index as HTML
  Rendering layout layouts/application.html.erb
  Rendering payments/index.html.erb within layouts/application
  [1m[36mPayment Load (2.1ms)[0m  [1m[34mSELECT "payments".* FROM "payments" ORDER BY created_at ASC[0m
  ↳ app/views/payments/index.html.erb:22
  Rendered payments/index.html.erb within layouts/application (Duration: 3.8ms | Allocations: 754)
[Webpacker] Everything's up-to-date. Nothing to do
  Rendered layout layouts/application.html.erb (Duration: 12.1ms | Allocations: 5039)
Completed 200 OK in 17ms (Views: 10.8ms | ActiveRecord: 2.1ms | Allocations: 5582)


Started GET "/members" for ::1 at 2021-02-23 16:03:32 -0600
Processing by MembersController#index as HTML
  Rendering layout layouts/application.html.erb
  Rendering members/index.html.erb within layouts/application
  [1m[36mMember Load (1.4ms)[0m  [1m[34mSELECT "members".* FROM "members"[0m
  ↳ app/views/members/index.html.erb:21
  Rendered members/index.html.erb within layouts/application (Duration: 5.9ms | Allocations: 1001)
[Webpacker] Everything's up-to-date. Nothing to do
  Rendered layout layouts/application.html.erb (Duration: 15.9ms | Allocations: 5285)
Completed 200 OK in 17ms (Views: 15.1ms | ActiveRecord: 1.4ms | Allocations: 5696)


Started GET "/" for ::1 at 2021-02-23 16:03:32 -0600
Processing by HomeController#index as HTML
  Rendering layout layouts/application.html.erb
  Rendering home/index.html.erb within layouts/application
  Rendered home/index.html.erb within layouts/application (Duration: 0.2ms | Allocations: 85)
[Webpacker] Everything's up-to-date. Nothing to do
  Rendered layout layouts/application.html.erb (Duration: 12.0ms | Allocations: 4926)
Completed 200 OK in 13ms (Views: 12.7ms | ActiveRecord: 0.0ms | Allocations: 5328)


Started GET "/members" for ::1 at 2021-02-23 16:03:32 -0600
Processing by MembersController#index as HTML
  Rendering layout layouts/application.html.erb
  Rendering members/index.html.erb within layouts/application
  [1m[36mMember Load (1.6ms)[0m  [1m[34mSELECT "members".* FROM "members"[0m
  ↳ app/views/members/index.html.erb:21
  Rendered members/index.html.erb within layouts/application (Duration: 7.1ms | Allocations: 985)
[Webpacker] Everything's up-to-date. Nothing to do
  Rendered layout layouts/application.html.erb (Duration: 14.3ms | Allocations: 5271)
Completed 200 OK in 16ms (Views: 13.3ms | ActiveRecord: 1.6ms | Allocations: 5676)


